<?xml version="1.0" encoding="UTF-8"?>
<!-- Generated by org.testng.reporters.JUnitReportReporter -->
<testsuite skipped="0" hostname="EPPLKRAW0483" name="appium.wonkyCalculatorTests.tests.CalculatorTests" tests="1" failures="0" timestamp="28 Oct 2017 21:57:45 GMT" time="17.102" errors="0">
  <testcase name="verifyingTheSum" time="17.102" classname="appium.wonkyCalculatorTests.tests.CalculatorTests"/>
</testsuite> <!-- appium.wonkyCalculatorTests.tests.CalculatorTests -->
