<?xml version="1.0" encoding="UTF-8"?>
<!-- Generated by org.testng.reporters.JUnitReportReporter -->
<testsuite skipped="0" hostname="EPPLKRAW0483" name="appium.wonkyCalculatorTests.tests.CalculatorSumTests" tests="1" failures="0" timestamp="28 Oct 2017 23:38:45 GMT" time="27.779" errors="0">
  <testcase name="verifyingTheSum" time="27.779" classname="appium.wonkyCalculatorTests.tests.CalculatorSumTests"/>
</testsuite> <!-- appium.wonkyCalculatorTests.tests.CalculatorSumTests -->
