<?xml version="1.0" encoding="UTF-8"?>
<!-- Generated by org.testng.reporters.JUnitReportReporter -->
<testsuite skipped="0" hostname="EPPLKRAW0483" name="appium.wonkyCalculatorTests.tests.CalculatorDivisionTests" tests="1" failures="0" timestamp="28 Oct 2017 23:38:45 GMT" time="24.020" errors="0">
  <testcase name="verifyingTheDivision" time="24.020" classname="appium.wonkyCalculatorTests.tests.CalculatorDivisionTests"/>
</testsuite> <!-- appium.wonkyCalculatorTests.tests.CalculatorDivisionTests -->
