<?xml version="1.0" encoding="UTF-8"?>
<!-- Generated by org.testng.reporters.JUnitReportReporter -->
<testsuite skipped="0" hostname="EPPLKRAW0483" name="appium.wonkyCalculatorTests.tests.CalculatorSubstractionTests" tests="1" failures="0" timestamp="28 Oct 2017 23:38:45 GMT" time="23.102" errors="0">
  <testcase name="verifyingTheSubstraction" time="23.102" classname="appium.wonkyCalculatorTests.tests.CalculatorSubstractionTests"/>
</testsuite> <!-- appium.wonkyCalculatorTests.tests.CalculatorSubstractionTests -->
